2020-03-26 12:22:41,090 [main] WARN  org.eclipse.jgit.util.FS_Win32 - null
2020-03-26 12:23:56,338 [Worker-3: Loading available Gradle versions] INFO  o.e.b.c.i.u.g.PublishedGradleVersions - Gradle version information cache is up-to-date. Trying to read.
2020-03-26 15:41:27,539 [Worker-31: Creating maven-archetype-quickstart] INFO  o.e.m.c.i.p.ProjectConfigurationManager - Collecting project info '/pom.xml' D:\INEXTURE\DAO\SingleTonDatabase\pom.xml
2020-03-26 15:41:42,040 [Worker-31: Creating maven-archetype-quickstart] INFO  o.e.m.c.i.e.AbstractTransferListenerAdapter - Downloading https://repo.maven.apache.org/maven2/org/apache/maven/plugins/maven-jar-plugin/3.0.2/maven-jar-plugin-3.0.2.jar
2020-03-26 15:41:43,226 [Worker-31: Creating maven-archetype-quickstart] INFO  o.e.m.c.i.e.AbstractTransferListenerAdapter - Downloaded https://repo.maven.apache.org/maven2/org/apache/maven/plugins/maven-jar-plugin/3.0.2/maven-jar-plugin-3.0.2.jar
2020-03-26 15:42:08,206 [Worker-31: Creating maven-archetype-quickstart] INFO  o.e.m.c.i.l.LifecycleMappingFactory - Using org.eclipse.m2e.jdt.JarLifecycleMapping lifecycle mapping for MavenProject: com.connection:SingleTonDatabase:0.0.1-SNAPSHOT @ D:\INEXTURE\DAO\SingleTonDatabase\pom.xml.
2020-03-26 15:42:11,928 [Worker-31: Creating maven-archetype-quickstart] INFO  o.e.m.j.i.AbstractJavaProjectConfigurator - Adding source folder /SingleTonDatabase/src/main/java
2020-03-26 15:42:11,939 [Worker-31: Creating maven-archetype-quickstart] INFO  o.e.m.j.i.AbstractJavaProjectConfigurator - Adding source folder /SingleTonDatabase/src/test/java
2020-03-26 15:42:13,554 [Worker-31: Creating maven-archetype-quickstart] INFO  o.e.m.c.i.p.ProjectConfigurationManager - Imported and configured 1 project(s) in 45 sec
2020-03-26 15:42:16,196 [Worker-31: Building] INFO  o.e.m.c.i.embedder.EclipseLogger - Using 'UTF-8' encoding to copy filtered resources.
2020-03-26 15:42:16,196 [Worker-31: Building] INFO  o.e.m.c.i.embedder.EclipseLogger - skip non existing resourceDirectory D:\INEXTURE\DAO\SingleTonDatabase\src\main\resources
2020-03-26 15:42:16,199 [Worker-31: Building] INFO  o.e.m.c.i.embedder.EclipseLogger - Using 'UTF-8' encoding to copy filtered resources.
2020-03-26 15:42:16,199 [Worker-31: Building] INFO  o.e.m.c.i.embedder.EclipseLogger - skip non existing resourceDirectory D:\INEXTURE\DAO\SingleTonDatabase\src\test\resources
2020-03-26 15:44:17,821 [Worker-33: Building] INFO  o.e.m.c.i.l.LifecycleMappingFactory - Using org.eclipse.m2e.jdt.JarLifecycleMapping lifecycle mapping for MavenProject: com.connection:SingleTonDatabase:0.0.1-SNAPSHOT @ D:\INEXTURE\DAO\SingleTonDatabase\pom.xml.
2020-03-26 15:44:19,102 [Worker-33: Building] INFO  o.e.m.c.i.embedder.EclipseLogger - Using 'UTF-8' encoding to copy filtered resources.
2020-03-26 15:44:19,103 [Worker-33: Building] INFO  o.e.m.c.i.embedder.EclipseLogger - skip non existing resourceDirectory D:\INEXTURE\DAO\SingleTonDatabase\src\main\resources
2020-03-26 15:44:19,107 [Worker-33: Building] INFO  o.e.m.c.i.embedder.EclipseLogger - Using 'UTF-8' encoding to copy filtered resources.
2020-03-26 15:44:19,107 [Worker-33: Building] INFO  o.e.m.c.i.embedder.EclipseLogger - skip non existing resourceDirectory D:\INEXTURE\DAO\SingleTonDatabase\src\test\resources
2020-03-26 15:44:20,637 [Worker-37: Building] INFO  o.e.m.c.i.embedder.EclipseLogger - Using 'UTF-8' encoding to copy filtered resources.
2020-03-26 15:44:20,637 [Worker-37: Building] INFO  o.e.m.c.i.embedder.EclipseLogger - skip non existing resourceDirectory D:\INEXTURE\DAO\SingleTonDatabase\src\main\resources
2020-03-26 15:44:20,647 [Worker-37: Building] INFO  o.e.m.c.i.embedder.EclipseLogger - Using 'UTF-8' encoding to copy filtered resources.
2020-03-26 15:44:20,647 [Worker-37: Building] INFO  o.e.m.c.i.embedder.EclipseLogger - skip non existing resourceDirectory D:\INEXTURE\DAO\SingleTonDatabase\src\test\resources
2020-03-26 15:45:41,389 [Worker-37: Building] INFO  o.e.m.c.i.embedder.EclipseLogger - Using 'UTF-8' encoding to copy filtered resources.
2020-03-26 15:45:41,389 [Worker-37: Building] INFO  o.e.m.c.i.embedder.EclipseLogger - skip non existing resourceDirectory D:\INEXTURE\DAO\SingleTonDatabase\src\main\resources
2020-03-26 15:45:41,393 [Worker-37: Building] INFO  o.e.m.c.i.embedder.EclipseLogger - Using 'UTF-8' encoding to copy filtered resources.
2020-03-26 15:45:41,393 [Worker-37: Building] INFO  o.e.m.c.i.embedder.EclipseLogger - skip non existing resourceDirectory D:\INEXTURE\DAO\SingleTonDatabase\src\test\resources
2020-03-26 15:46:08,746 [Worker-37: Building] INFO  o.e.m.c.i.embedder.EclipseLogger - Using 'UTF-8' encoding to copy filtered resources.
2020-03-26 15:46:08,747 [Worker-37: Building] INFO  o.e.m.c.i.embedder.EclipseLogger - skip non existing resourceDirectory D:\INEXTURE\DAO\SingleTonDatabase\src\main\resources
2020-03-26 15:46:08,749 [Worker-37: Building] INFO  o.e.m.c.i.embedder.EclipseLogger - Using 'UTF-8' encoding to copy filtered resources.
2020-03-26 15:46:08,749 [Worker-37: Building] INFO  o.e.m.c.i.embedder.EclipseLogger - skip non existing resourceDirectory D:\INEXTURE\DAO\SingleTonDatabase\src\test\resources
2020-03-26 15:54:19,300 [Worker-38: Building] INFO  o.e.m.c.i.embedder.EclipseLogger - Using 'UTF-8' encoding to copy filtered resources.
2020-03-26 15:54:19,301 [Worker-38: Building] INFO  o.e.m.c.i.embedder.EclipseLogger - skip non existing resourceDirectory D:\INEXTURE\DAO\SingleTonDatabase\src\main\resources
2020-03-26 15:54:19,304 [Worker-38: Building] INFO  o.e.m.c.i.embedder.EclipseLogger - Using 'UTF-8' encoding to copy filtered resources.
2020-03-26 15:54:19,304 [Worker-38: Building] INFO  o.e.m.c.i.embedder.EclipseLogger - skip non existing resourceDirectory D:\INEXTURE\DAO\SingleTonDatabase\src\test\resources
2020-03-26 15:57:08,269 [Worker-35: Building] INFO  o.e.m.c.i.embedder.EclipseLogger - Using 'UTF-8' encoding to copy filtered resources.
2020-03-26 15:57:08,269 [Worker-35: Building] INFO  o.e.m.c.i.embedder.EclipseLogger - skip non existing resourceDirectory D:\INEXTURE\DAO\SingleTonDatabase\src\main\resources
2020-03-26 15:57:08,272 [Worker-35: Building] INFO  o.e.m.c.i.embedder.EclipseLogger - Using 'UTF-8' encoding to copy filtered resources.
2020-03-26 15:57:08,273 [Worker-35: Building] INFO  o.e.m.c.i.embedder.EclipseLogger - skip non existing resourceDirectory D:\INEXTURE\DAO\SingleTonDatabase\src\test\resources
2020-03-26 15:59:20,632 [Worker-41: Building] INFO  o.e.m.c.i.embedder.EclipseLogger - Using 'UTF-8' encoding to copy filtered resources.
2020-03-26 15:59:20,633 [Worker-41: Building] INFO  o.e.m.c.i.embedder.EclipseLogger - skip non existing resourceDirectory D:\INEXTURE\DAO\SingleTonDatabase\src\main\resources
2020-03-26 15:59:20,640 [Worker-41: Building] INFO  o.e.m.c.i.embedder.EclipseLogger - Using 'UTF-8' encoding to copy filtered resources.
2020-03-26 15:59:20,641 [Worker-41: Building] INFO  o.e.m.c.i.embedder.EclipseLogger - skip non existing resourceDirectory D:\INEXTURE\DAO\SingleTonDatabase\src\test\resources
2020-03-26 16:00:18,248 [Worker-41: Building] INFO  o.e.m.c.i.embedder.EclipseLogger - Using 'UTF-8' encoding to copy filtered resources.
2020-03-26 16:00:18,248 [Worker-41: Building] INFO  o.e.m.c.i.embedder.EclipseLogger - skip non existing resourceDirectory D:\INEXTURE\DAO\SingleTonDatabase\src\main\resources
2020-03-26 16:00:18,267 [Worker-41: Building] INFO  o.e.m.c.i.embedder.EclipseLogger - Using 'UTF-8' encoding to copy filtered resources.
2020-03-26 16:00:18,268 [Worker-41: Building] INFO  o.e.m.c.i.embedder.EclipseLogger - skip non existing resourceDirectory D:\INEXTURE\DAO\SingleTonDatabase\src\test\resources
2020-03-26 16:00:27,367 [Worker-31: Building] INFO  o.e.m.c.i.embedder.EclipseLogger - Using 'UTF-8' encoding to copy filtered resources.
2020-03-26 16:00:27,367 [Worker-31: Building] INFO  o.e.m.c.i.embedder.EclipseLogger - skip non existing resourceDirectory D:\INEXTURE\DAO\SingleTonDatabase\src\main\resources
2020-03-26 16:00:27,370 [Worker-31: Building] INFO  o.e.m.c.i.embedder.EclipseLogger - Using 'UTF-8' encoding to copy filtered resources.
2020-03-26 16:00:27,370 [Worker-31: Building] INFO  o.e.m.c.i.embedder.EclipseLogger - skip non existing resourceDirectory D:\INEXTURE\DAO\SingleTonDatabase\src\test\resources
2020-03-26 16:00:35,316 [Worker-41: Building] INFO  o.e.m.c.i.embedder.EclipseLogger - Using 'UTF-8' encoding to copy filtered resources.
2020-03-26 16:00:35,316 [Worker-41: Building] INFO  o.e.m.c.i.embedder.EclipseLogger - skip non existing resourceDirectory D:\INEXTURE\DAO\SingleTonDatabase\src\main\resources
2020-03-26 16:00:35,318 [Worker-41: Building] INFO  o.e.m.c.i.embedder.EclipseLogger - Using 'UTF-8' encoding to copy filtered resources.
2020-03-26 16:00:35,319 [Worker-41: Building] INFO  o.e.m.c.i.embedder.EclipseLogger - skip non existing resourceDirectory D:\INEXTURE\DAO\SingleTonDatabase\src\test\resources
2020-03-26 16:00:44,089 [Worker-35: Building] INFO  o.e.m.c.i.embedder.EclipseLogger - Using 'UTF-8' encoding to copy filtered resources.
2020-03-26 16:00:44,089 [Worker-35: Building] INFO  o.e.m.c.i.embedder.EclipseLogger - skip non existing resourceDirectory D:\INEXTURE\DAO\SingleTonDatabase\src\main\resources
2020-03-26 16:00:44,092 [Worker-35: Building] INFO  o.e.m.c.i.embedder.EclipseLogger - Using 'UTF-8' encoding to copy filtered resources.
2020-03-26 16:00:44,092 [Worker-35: Building] INFO  o.e.m.c.i.embedder.EclipseLogger - skip non existing resourceDirectory D:\INEXTURE\DAO\SingleTonDatabase\src\test\resources
2020-03-26 16:00:51,739 [Worker-35: Building] INFO  o.e.m.c.i.embedder.EclipseLogger - Using 'UTF-8' encoding to copy filtered resources.
2020-03-26 16:00:51,739 [Worker-35: Building] INFO  o.e.m.c.i.embedder.EclipseLogger - skip non existing resourceDirectory D:\INEXTURE\DAO\SingleTonDatabase\src\main\resources
2020-03-26 16:00:51,741 [Worker-35: Building] INFO  o.e.m.c.i.embedder.EclipseLogger - Using 'UTF-8' encoding to copy filtered resources.
2020-03-26 16:00:51,741 [Worker-35: Building] INFO  o.e.m.c.i.embedder.EclipseLogger - skip non existing resourceDirectory D:\INEXTURE\DAO\SingleTonDatabase\src\test\resources
2020-03-26 16:01:13,122 [Worker-41: Building] INFO  o.e.m.c.i.embedder.EclipseLogger - Using 'UTF-8' encoding to copy filtered resources.
2020-03-26 16:01:13,123 [Worker-41: Building] INFO  o.e.m.c.i.embedder.EclipseLogger - skip non existing resourceDirectory D:\INEXTURE\DAO\SingleTonDatabase\src\main\resources
2020-03-26 16:01:13,125 [Worker-41: Building] INFO  o.e.m.c.i.embedder.EclipseLogger - Using 'UTF-8' encoding to copy filtered resources.
2020-03-26 16:01:13,126 [Worker-41: Building] INFO  o.e.m.c.i.embedder.EclipseLogger - skip non existing resourceDirectory D:\INEXTURE\DAO\SingleTonDatabase\src\test\resources
2020-03-26 16:04:18,196 [Worker-43: Building] INFO  o.e.m.c.i.embedder.EclipseLogger - Using 'UTF-8' encoding to copy filtered resources.
2020-03-26 16:04:18,196 [Worker-43: Building] INFO  o.e.m.c.i.embedder.EclipseLogger - skip non existing resourceDirectory D:\INEXTURE\DAO\SingleTonDatabase\src\main\resources
2020-03-26 16:04:18,253 [Worker-43: Building] INFO  o.e.m.c.i.embedder.EclipseLogger - Using 'UTF-8' encoding to copy filtered resources.
2020-03-26 16:04:18,254 [Worker-43: Building] INFO  o.e.m.c.i.embedder.EclipseLogger - skip non existing resourceDirectory D:\INEXTURE\DAO\SingleTonDatabase\src\test\resources
2020-03-26 16:09:58,696 [Worker-44: Building] INFO  o.e.m.c.i.embedder.EclipseLogger - Using 'UTF-8' encoding to copy filtered resources.
2020-03-26 16:09:58,697 [Worker-44: Building] INFO  o.e.m.c.i.embedder.EclipseLogger - skip non existing resourceDirectory D:\INEXTURE\DAO\SingleTonDatabase\src\main\resources
2020-03-26 16:09:58,713 [Worker-44: Building] INFO  o.e.m.c.i.embedder.EclipseLogger - Using 'UTF-8' encoding to copy filtered resources.
2020-03-26 16:09:58,713 [Worker-44: Building] INFO  o.e.m.c.i.embedder.EclipseLogger - skip non existing resourceDirectory D:\INEXTURE\DAO\SingleTonDatabase\src\test\resources
2020-03-26 16:10:01,781 [Worker-35: Building] INFO  o.e.m.c.i.embedder.EclipseLogger - Using 'UTF-8' encoding to copy filtered resources.
2020-03-26 16:10:01,781 [Worker-35: Building] INFO  o.e.m.c.i.embedder.EclipseLogger - skip non existing resourceDirectory D:\INEXTURE\DAO\SingleTonDatabase\src\main\resources
2020-03-26 16:10:01,816 [Worker-35: Building] INFO  o.e.m.c.i.embedder.EclipseLogger - Using 'UTF-8' encoding to copy filtered resources.
2020-03-26 16:10:01,816 [Worker-35: Building] INFO  o.e.m.c.i.embedder.EclipseLogger - skip non existing resourceDirectory D:\INEXTURE\DAO\SingleTonDatabase\src\test\resources
2020-03-26 16:11:30,815 [Worker-43: Building] INFO  o.e.m.c.i.embedder.EclipseLogger - Using 'UTF-8' encoding to copy filtered resources.
2020-03-26 16:11:30,815 [Worker-43: Building] INFO  o.e.m.c.i.embedder.EclipseLogger - skip non existing resourceDirectory D:\INEXTURE\DAO\SingleTonDatabase\src\main\resources
2020-03-26 16:11:30,878 [Worker-43: Building] INFO  o.e.m.c.i.embedder.EclipseLogger - Using 'UTF-8' encoding to copy filtered resources.
2020-03-26 16:11:30,879 [Worker-43: Building] INFO  o.e.m.c.i.embedder.EclipseLogger - skip non existing resourceDirectory D:\INEXTURE\DAO\SingleTonDatabase\src\test\resources
2020-03-26 16:12:05,328 [Worker-43: Building] INFO  o.e.m.c.i.embedder.EclipseLogger - Using 'UTF-8' encoding to copy filtered resources.
2020-03-26 16:12:05,328 [Worker-43: Building] INFO  o.e.m.c.i.embedder.EclipseLogger - skip non existing resourceDirectory D:\INEXTURE\DAO\SingleTonDatabase\src\main\resources
2020-03-26 16:12:05,330 [Worker-43: Building] INFO  o.e.m.c.i.embedder.EclipseLogger - Using 'UTF-8' encoding to copy filtered resources.
2020-03-26 16:12:05,331 [Worker-43: Building] INFO  o.e.m.c.i.embedder.EclipseLogger - skip non existing resourceDirectory D:\INEXTURE\DAO\SingleTonDatabase\src\test\resources
2020-03-26 16:13:23,116 [Worker-35: Building] INFO  o.e.m.c.i.embedder.EclipseLogger - Using 'UTF-8' encoding to copy filtered resources.
2020-03-26 16:13:23,116 [Worker-35: Building] INFO  o.e.m.c.i.embedder.EclipseLogger - skip non existing resourceDirectory D:\INEXTURE\DAO\SingleTonDatabase\src\main\resources
2020-03-26 16:13:23,118 [Worker-35: Building] INFO  o.e.m.c.i.embedder.EclipseLogger - Using 'UTF-8' encoding to copy filtered resources.
2020-03-26 16:13:23,118 [Worker-35: Building] INFO  o.e.m.c.i.embedder.EclipseLogger - skip non existing resourceDirectory D:\INEXTURE\DAO\SingleTonDatabase\src\test\resources
2020-03-26 16:22:08,299 [Worker-47: Building] INFO  o.e.m.c.i.embedder.EclipseLogger - Using 'UTF-8' encoding to copy filtered resources.
2020-03-26 16:22:08,300 [Worker-47: Building] INFO  o.e.m.c.i.embedder.EclipseLogger - skip non existing resourceDirectory D:\INEXTURE\DAO\SingleTonDatabase\src\main\resources
2020-03-26 16:22:08,303 [Worker-47: Building] INFO  o.e.m.c.i.embedder.EclipseLogger - Using 'UTF-8' encoding to copy filtered resources.
2020-03-26 16:22:08,303 [Worker-47: Building] INFO  o.e.m.c.i.embedder.EclipseLogger - skip non existing resourceDirectory D:\INEXTURE\DAO\SingleTonDatabase\src\test\resources
2020-03-26 16:27:15,254 [Worker-54: Building] INFO  o.e.m.c.i.embedder.EclipseLogger - Using 'UTF-8' encoding to copy filtered resources.
2020-03-26 16:27:15,254 [Worker-54: Building] INFO  o.e.m.c.i.embedder.EclipseLogger - skip non existing resourceDirectory D:\INEXTURE\DAO\SingleTonDatabase\src\main\resources
2020-03-26 16:27:15,255 [Worker-54: Building] INFO  o.e.m.c.i.embedder.EclipseLogger - Using 'UTF-8' encoding to copy filtered resources.
2020-03-26 16:27:15,256 [Worker-54: Building] INFO  o.e.m.c.i.embedder.EclipseLogger - skip non existing resourceDirectory D:\INEXTURE\DAO\SingleTonDatabase\src\test\resources
2020-03-26 16:27:41,658 [Worker-57: Building] INFO  o.e.m.c.i.embedder.EclipseLogger - Using 'UTF-8' encoding to copy filtered resources.
2020-03-26 16:27:41,659 [Worker-57: Building] INFO  o.e.m.c.i.embedder.EclipseLogger - skip non existing resourceDirectory D:\INEXTURE\DAO\SingleTonDatabase\src\main\resources
2020-03-26 16:27:41,661 [Worker-57: Building] INFO  o.e.m.c.i.embedder.EclipseLogger - Using 'UTF-8' encoding to copy filtered resources.
2020-03-26 16:27:41,661 [Worker-57: Building] INFO  o.e.m.c.i.embedder.EclipseLogger - skip non existing resourceDirectory D:\INEXTURE\DAO\SingleTonDatabase\src\test\resources
2020-03-26 16:35:52,312 [Worker-59: Building] INFO  o.e.m.c.i.embedder.EclipseLogger - Using 'UTF-8' encoding to copy filtered resources.
2020-03-26 16:35:52,313 [Worker-59: Building] INFO  o.e.m.c.i.embedder.EclipseLogger - skip non existing resourceDirectory D:\INEXTURE\DAO\SingleTonDatabase\src\main\resources
2020-03-26 16:35:52,314 [Worker-59: Building] INFO  o.e.m.c.i.embedder.EclipseLogger - Using 'UTF-8' encoding to copy filtered resources.
2020-03-26 16:35:52,314 [Worker-59: Building] INFO  o.e.m.c.i.embedder.EclipseLogger - skip non existing resourceDirectory D:\INEXTURE\DAO\SingleTonDatabase\src\test\resources
2020-03-26 16:40:38,066 [Worker-60: Building] INFO  o.e.m.c.i.l.LifecycleMappingFactory - Using org.eclipse.m2e.jdt.JarLifecycleMapping lifecycle mapping for MavenProject: com.connection:SingleTonDatabase:0.0.1-SNAPSHOT @ D:\INEXTURE\DAO\SingleTonDatabase\pom.xml.
2020-03-26 16:40:41,136 [Worker-60: Building] INFO  o.e.m.c.i.e.AbstractTransferListenerAdapter - Downloading https://repo.maven.apache.org/maven2/mysql/mysql-connector-java/5.1.44/mysql-connector-java-5.1.44.pom
2020-03-26 16:40:41,667 [Worker-60: Building] INFO  o.e.m.c.i.e.AbstractTransferListenerAdapter - Downloaded https://repo.maven.apache.org/maven2/mysql/mysql-connector-java/5.1.44/mysql-connector-java-5.1.44.pom
2020-03-26 16:40:41,989 [Worker-60: Building] INFO  o.e.m.c.i.e.AbstractTransferListenerAdapter - Downloading https://repo.maven.apache.org/maven2/mysql/mysql-connector-java/5.1.44/mysql-connector-java-5.1.44.jar
2020-03-26 16:40:43,208 [Worker-60: Building] INFO  o.e.m.c.i.e.AbstractTransferListenerAdapter - Downloaded https://repo.maven.apache.org/maven2/mysql/mysql-connector-java/5.1.44/mysql-connector-java-5.1.44.jar
2020-03-26 16:40:49,029 [Worker-66: Download sources and javadoc] INFO  o.e.m.c.i.e.AbstractTransferListenerAdapter - Downloading https://repo.maven.apache.org/maven2/mysql/mysql-connector-java/5.1.44/mysql-connector-java-5.1.44-sources.jar
2020-03-26 16:40:51,371 [Worker-66: Download sources and javadoc] INFO  o.e.m.c.i.e.AbstractTransferListenerAdapter - Downloaded https://repo.maven.apache.org/maven2/mysql/mysql-connector-java/5.1.44/mysql-connector-java-5.1.44-sources.jar
2020-03-26 16:40:52,579 [Worker-66: Download sources and javadoc] INFO  o.e.m.j.internal.DownloadSourcesJob - Downloaded sources for mysql:mysql-connector-java:5.1.44
2020-03-26 16:40:53,091 [Worker-60: Building] INFO  o.e.m.c.i.embedder.EclipseLogger - Using 'UTF-8' encoding to copy filtered resources.
2020-03-26 16:40:53,091 [Worker-60: Building] INFO  o.e.m.c.i.embedder.EclipseLogger - skip non existing resourceDirectory D:\INEXTURE\DAO\SingleTonDatabase\src\main\resources
2020-03-26 16:40:53,121 [Worker-60: Building] INFO  o.e.m.c.i.embedder.EclipseLogger - Using 'UTF-8' encoding to copy filtered resources.
2020-03-26 16:40:53,121 [Worker-60: Building] INFO  o.e.m.c.i.embedder.EclipseLogger - skip non existing resourceDirectory D:\INEXTURE\DAO\SingleTonDatabase\src\test\resources
2020-03-26 16:40:57,638 [Worker-63: Building] INFO  o.e.m.c.i.embedder.EclipseLogger - Using 'UTF-8' encoding to copy filtered resources.
2020-03-26 16:40:57,638 [Worker-63: Building] INFO  o.e.m.c.i.embedder.EclipseLogger - skip non existing resourceDirectory D:\INEXTURE\DAO\SingleTonDatabase\src\main\resources
2020-03-26 16:40:57,639 [Worker-63: Building] INFO  o.e.m.c.i.embedder.EclipseLogger - Using 'UTF-8' encoding to copy filtered resources.
2020-03-26 16:40:57,640 [Worker-63: Building] INFO  o.e.m.c.i.embedder.EclipseLogger - skip non existing resourceDirectory D:\INEXTURE\DAO\SingleTonDatabase\src\test\resources
2020-03-26 16:45:07,738 [Worker-65: Building] INFO  o.e.m.c.i.embedder.EclipseLogger - Using 'UTF-8' encoding to copy filtered resources.
2020-03-26 16:45:07,738 [Worker-65: Building] INFO  o.e.m.c.i.embedder.EclipseLogger - skip non existing resourceDirectory D:\INEXTURE\DAO\SingleTonDatabase\src\main\resources
2020-03-26 16:45:07,770 [Worker-65: Building] INFO  o.e.m.c.i.embedder.EclipseLogger - Using 'UTF-8' encoding to copy filtered resources.
2020-03-26 16:45:07,771 [Worker-65: Building] INFO  o.e.m.c.i.embedder.EclipseLogger - skip non existing resourceDirectory D:\INEXTURE\DAO\SingleTonDatabase\src\test\resources
2020-03-26 16:50:49,222 [Worker-73: Building] INFO  o.e.m.c.i.embedder.EclipseLogger - Using 'UTF-8' encoding to copy filtered resources.
2020-03-26 16:50:49,222 [Worker-73: Building] INFO  o.e.m.c.i.embedder.EclipseLogger - skip non existing resourceDirectory D:\INEXTURE\DAO\SingleTonDatabase\src\main\resources
2020-03-26 16:50:49,224 [Worker-73: Building] INFO  o.e.m.c.i.embedder.EclipseLogger - Using 'UTF-8' encoding to copy filtered resources.
2020-03-26 16:50:49,224 [Worker-73: Building] INFO  o.e.m.c.i.embedder.EclipseLogger - skip non existing resourceDirectory D:\INEXTURE\DAO\SingleTonDatabase\src\test\resources
2020-03-26 16:51:32,877 [Worker-72: Building] INFO  o.e.m.c.i.embedder.EclipseLogger - Using 'UTF-8' encoding to copy filtered resources.
2020-03-26 16:51:32,877 [Worker-72: Building] INFO  o.e.m.c.i.embedder.EclipseLogger - skip non existing resourceDirectory D:\INEXTURE\DAO\SingleTonDatabase\src\main\resources
2020-03-26 16:51:32,878 [Worker-72: Building] INFO  o.e.m.c.i.embedder.EclipseLogger - Using 'UTF-8' encoding to copy filtered resources.
2020-03-26 16:51:32,878 [Worker-72: Building] INFO  o.e.m.c.i.embedder.EclipseLogger - skip non existing resourceDirectory D:\INEXTURE\DAO\SingleTonDatabase\src\test\resources
2020-03-26 16:56:43,731 [Worker-68: Building] INFO  o.e.m.c.i.embedder.EclipseLogger - Using 'UTF-8' encoding to copy filtered resources.
2020-03-26 16:56:43,731 [Worker-68: Building] INFO  o.e.m.c.i.embedder.EclipseLogger - skip non existing resourceDirectory D:\INEXTURE\DAO\SingleTonDatabase\src\main\resources
2020-03-26 16:56:43,733 [Worker-68: Building] INFO  o.e.m.c.i.embedder.EclipseLogger - Using 'UTF-8' encoding to copy filtered resources.
2020-03-26 16:56:43,733 [Worker-68: Building] INFO  o.e.m.c.i.embedder.EclipseLogger - skip non existing resourceDirectory D:\INEXTURE\DAO\SingleTonDatabase\src\test\resources
2020-03-26 16:57:49,105 [Worker-72: Building] INFO  o.e.m.c.i.embedder.EclipseLogger - Using 'UTF-8' encoding to copy filtered resources.
2020-03-26 16:57:49,105 [Worker-72: Building] INFO  o.e.m.c.i.embedder.EclipseLogger - skip non existing resourceDirectory D:\INEXTURE\DAO\SingleTonDatabase\src\main\resources
2020-03-26 16:57:49,107 [Worker-72: Building] INFO  o.e.m.c.i.embedder.EclipseLogger - Using 'UTF-8' encoding to copy filtered resources.
2020-03-26 16:57:49,107 [Worker-72: Building] INFO  o.e.m.c.i.embedder.EclipseLogger - skip non existing resourceDirectory D:\INEXTURE\DAO\SingleTonDatabase\src\test\resources
2020-03-26 17:00:12,470 [Worker-73: Building] INFO  o.e.m.c.i.embedder.EclipseLogger - Using 'UTF-8' encoding to copy filtered resources.
2020-03-26 17:00:12,471 [Worker-73: Building] INFO  o.e.m.c.i.embedder.EclipseLogger - skip non existing resourceDirectory D:\INEXTURE\DAO\SingleTonDatabase\src\main\resources
2020-03-26 17:00:13,220 [Worker-73: Building] INFO  o.e.m.c.i.embedder.EclipseLogger - Using 'UTF-8' encoding to copy filtered resources.
2020-03-26 17:00:13,220 [Worker-73: Building] INFO  o.e.m.c.i.embedder.EclipseLogger - skip non existing resourceDirectory D:\INEXTURE\DAO\SingleTonDatabase\src\test\resources
2020-03-26 17:01:17,783 [Worker-68: Building] INFO  o.e.m.c.i.embedder.EclipseLogger - Using 'UTF-8' encoding to copy filtered resources.
2020-03-26 17:01:17,783 [Worker-68: Building] INFO  o.e.m.c.i.embedder.EclipseLogger - skip non existing resourceDirectory D:\INEXTURE\DAO\SingleTonDatabase\src\main\resources
2020-03-26 17:01:17,784 [Worker-68: Building] INFO  o.e.m.c.i.embedder.EclipseLogger - Using 'UTF-8' encoding to copy filtered resources.
2020-03-26 17:01:17,784 [Worker-68: Building] INFO  o.e.m.c.i.embedder.EclipseLogger - skip non existing resourceDirectory D:\INEXTURE\DAO\SingleTonDatabase\src\test\resources
2020-03-26 17:04:13,221 [Worker-79: Building] INFO  o.e.m.c.i.embedder.EclipseLogger - Using 'UTF-8' encoding to copy filtered resources.
2020-03-26 17:04:13,261 [Worker-79: Building] INFO  o.e.m.c.i.embedder.EclipseLogger - skip non existing resourceDirectory D:\INEXTURE\DAO\SingleTonDatabase\src\main\resources
2020-03-26 17:04:13,263 [Worker-79: Building] INFO  o.e.m.c.i.embedder.EclipseLogger - Using 'UTF-8' encoding to copy filtered resources.
2020-03-26 17:04:13,263 [Worker-79: Building] INFO  o.e.m.c.i.embedder.EclipseLogger - skip non existing resourceDirectory D:\INEXTURE\DAO\SingleTonDatabase\src\test\resources
2020-03-26 21:21:39,894 [Worker-90: Building] INFO  o.e.m.c.i.embedder.EclipseLogger - Using 'UTF-8' encoding to copy filtered resources.
2020-03-26 21:21:39,997 [Worker-90: Building] INFO  o.e.m.c.i.embedder.EclipseLogger - skip non existing resourceDirectory D:\INEXTURE\DAO\SingleTonDatabase\src\main\resources
2020-03-26 21:21:40,037 [Worker-90: Building] INFO  o.e.m.c.i.embedder.EclipseLogger - Using 'UTF-8' encoding to copy filtered resources.
2020-03-26 21:21:40,037 [Worker-90: Building] INFO  o.e.m.c.i.embedder.EclipseLogger - skip non existing resourceDirectory D:\INEXTURE\DAO\SingleTonDatabase\src\test\resources
2020-03-26 21:21:40,674 [Worker-90: Building] INFO  o.e.m.c.i.embedder.EclipseLogger - Using 'UTF-8' encoding to copy filtered resources.
2020-03-26 21:21:40,674 [Worker-90: Building] INFO  o.e.m.c.i.embedder.EclipseLogger - skip non existing resourceDirectory D:\INEXTURE\DAO\SingleTonDatabase\src\main\resources
2020-03-26 21:21:40,678 [Worker-90: Building] INFO  o.e.m.c.i.embedder.EclipseLogger - Using 'UTF-8' encoding to copy filtered resources.
2020-03-26 21:21:40,678 [Worker-90: Building] INFO  o.e.m.c.i.embedder.EclipseLogger - skip non existing resourceDirectory D:\INEXTURE\DAO\SingleTonDatabase\src\test\resources
